<?xml version="1.0" encoding="utf-8"?>
<testsuites>
    <testsuite name="pytest" errors="0" failures="0" skipped="0" tests="3" time="0.526"
        timestamp="2025-06-23T08:07:14.248817" hostname="student-laptop">
        <testcase classname="tests.quotes.get_quote.tavern.yaml" name="Get existing quote"
            time="0.441" />
        <testcase classname="tests.quotes.post_quote.tavern.yaml"
            name="Post a quote and check response" time="0.024" />
        <testcase classname="tests.quotes.quotes_suite.tavern.yaml"
            name="Full quote flow (post + get)" time="0.020" />
    </testsuite>
</testsuites>